[INFO ] 2021-12-15 13:40:29 LoginController: Loading Login Controller...
[INFO ] 2021-12-15 13:40:30 LoginController: Cached 10 KeyPairs for RSA communication.
[INFO ] 2021-12-15 13:40:30 LoginController: Stored 20 keys for Blowfish communication.
[INFO ] 2021-12-15 13:40:30 HikariDataSource: HikariPool-1 - Starting...
[INFO ] 2021-12-15 13:40:30 HikariDataSource: HikariPool-1 - Start completed.
[INFO ] 2021-12-15 13:40:30 GameServerTable: GameServerTable: Loaded 1 registered Game Servers.
[INFO ] 2021-12-15 13:40:30 GameServerTable: GameServerTable: Cached 10 RSA keys for Game Server communication.
[INFO ] 2021-12-15 13:40:30 LoginServer: Loaded 0 banned IPs.
[ERROR] 2021-12-15 13:40:30 LoginServer: Failed to start the Game Server Listener!
java.net.BindException: Address already in use
	at sun.nio.ch.Net.bind0(Native Method) ~[?:?]
	at sun.nio.ch.Net.bind(Net.java:555) ~[?:?]
	at sun.nio.ch.Net.bind(Net.java:544) ~[?:?]
	at sun.nio.ch.NioSocketImpl.bind(NioSocketImpl.java:643) ~[?:?]
	at java.net.ServerSocket.bind(ServerSocket.java:388) ~[?:?]
	at java.net.ServerSocket.<init>(ServerSocket.java:274) ~[?:?]
	at com.l2jserver.loginserver.FloodProtectedListener.<init>(FloodProtectedListener.java:49) ~[l2jlogin.jar:?]
	at com.l2jserver.loginserver.GameServerListener.<init>(GameServerListener.java:36) ~[l2jlogin.jar:?]
	at com.l2jserver.loginserver.LoginServer.<init>(LoginServer.java:109) [l2jlogin.jar:?]
	at com.l2jserver.loginserver.LoginServer.main(LoginServer.java:64) [l2jlogin.jar:?]
